E:\多视项目\MultiView\Debug\MultiView.pdb
E:\多视项目\MultiView\MultiView\Debug\cl.command.1.tlog
E:\多视项目\MultiView\MultiView\Debug\CL.read.1.tlog
E:\多视项目\MultiView\MultiView\Debug\CL.write.1.tlog
E:\多视项目\MultiView\MultiView\Debug\link.command.1.tlog
E:\多视项目\MultiView\MultiView\Debug\link.read.1.tlog
E:\多视项目\MultiView\MultiView\Debug\link.write.1.tlog
E:\多视项目\MultiView\MultiView\Debug\link-cvtres.read.1.tlog
E:\多视项目\MultiView\MultiView\Debug\link-cvtres.write.1.tlog
E:\多视项目\MultiView\MultiView\Debug\MultiView.exe.embed.manifest
E:\多视项目\MULTIVIEW\MULTIVIEW\DEBUG\MULTIVIEW.EXE.EMBED.MANIFEST.RES
E:\多视项目\MultiView\MultiView\Debug\MultiView.exe.intermediate.manifest
E:\多视项目\MULTIVIEW\MULTIVIEW\DEBUG\MULTIVIEW.OBJ
E:\多视项目\MULTIVIEW\MULTIVIEW\DEBUG\MULTIVIEW.PCH
E:\多视项目\MULTIVIEW\MULTIVIEW\DEBUG\MULTIVIEW.RES
E:\多视项目\MultiView\MultiView\Debug\MultiView_manifest.rc
E:\多视项目\MULTIVIEW\MULTIVIEW\DEBUG\MULTIVIEWDLG.OBJ
E:\多视项目\MultiView\MultiView\Debug\rc.command.1.tlog
E:\多视项目\MultiView\MultiView\Debug\rc.read.1.tlog
E:\多视项目\MultiView\MultiView\Debug\rc.write.1.tlog
E:\多视项目\MULTIVIEW\MULTIVIEW\DEBUG\STDAFX.OBJ
E:\多视项目\MultiView\MultiView\Debug\vc100.idb
E:\多视项目\MULTIVIEW\MULTIVIEW\DEBUG\VC100.PDB
