C:\USERS\ADMINISTRATOR\DESKTOP\中航项目\CHESSBOARD IMAGES AQUISITE1\X64\DEBUG\BINOCULARCAMERA.OBJ
C:\USERS\ADMINISTRATOR\DESKTOP\中航项目\CHESSBOARD IMAGES AQUISITE1\X64\DEBUG\DIBSHOW.OBJ
C:\USERS\ADMINISTRATOR\DESKTOP\中航项目\CHESSBOARD IMAGES AQUISITE1\X64\DEBUG\MULTIVIEW.EXE
C:\USERS\ADMINISTRATOR\DESKTOP\中航项目\CHESSBOARD IMAGES AQUISITE1\X64\DEBUG\MULTIVIEW.EXE.EMBED.MANIFEST.RES
C:\USERS\ADMINISTRATOR\DESKTOP\中航项目\CHESSBOARD IMAGES AQUISITE1\X64\DEBUG\MULTIVIEW.EXE.INTERMEDIATE.MANIFEST
C:\USERS\ADMINISTRATOR\DESKTOP\中航项目\CHESSBOARD IMAGES AQUISITE1\X64\DEBUG\MULTIVIEW.ILK
C:\USERS\ADMINISTRATOR\DESKTOP\中航项目\CHESSBOARD IMAGES AQUISITE1\X64\DEBUG\MULTIVIEW.OBJ
C:\USERS\ADMINISTRATOR\DESKTOP\中航项目\CHESSBOARD IMAGES AQUISITE1\X64\DEBUG\MULTIVIEW.PCH
C:\USERS\ADMINISTRATOR\DESKTOP\中航项目\CHESSBOARD IMAGES AQUISITE1\X64\DEBUG\MULTIVIEW.PDB
C:\USERS\ADMINISTRATOR\DESKTOP\中航项目\CHESSBOARD IMAGES AQUISITE1\X64\DEBUG\MULTIVIEW.RES
C:\USERS\ADMINISTRATOR\DESKTOP\中航项目\CHESSBOARD IMAGES AQUISITE1\X64\DEBUG\MULTIVIEWDLG.OBJ
C:\USERS\ADMINISTRATOR\DESKTOP\中航项目\CHESSBOARD IMAGES AQUISITE1\X64\DEBUG\STDAFX.OBJ
C:\USERS\ADMINISTRATOR\DESKTOP\中航项目\CHESSBOARD IMAGES AQUISITE1\X64\DEBUG\TIMEMEASURE.OBJ
C:\USERS\ADMINISTRATOR\DESKTOP\中航项目\CHESSBOARD IMAGES AQUISITE1\X64\DEBUG\VC100.PDB
C:\USERS\ADMINISTRATOR\DESKTOP\中航项目\REALTIME CAPTURE\X64\DEBUG\BINOCULARCAMERA.OBJ
C:\USERS\ADMINISTRATOR\DESKTOP\中航项目\REALTIME CAPTURE\X64\DEBUG\DIBSHOW.OBJ
C:\USERS\ADMINISTRATOR\DESKTOP\中航项目\REALTIME CAPTURE\X64\DEBUG\MULTIVIEW.EXE
C:\USERS\ADMINISTRATOR\DESKTOP\中航项目\REALTIME CAPTURE\X64\DEBUG\MULTIVIEW.EXE.EMBED.MANIFEST.RES
C:\USERS\ADMINISTRATOR\DESKTOP\中航项目\REALTIME CAPTURE\X64\DEBUG\MULTIVIEW.EXE.INTERMEDIATE.MANIFEST
C:\USERS\ADMINISTRATOR\DESKTOP\中航项目\REALTIME CAPTURE\X64\DEBUG\MULTIVIEW.ILK
C:\USERS\ADMINISTRATOR\DESKTOP\中航项目\REALTIME CAPTURE\X64\DEBUG\MULTIVIEW.OBJ
C:\USERS\ADMINISTRATOR\DESKTOP\中航项目\REALTIME CAPTURE\X64\DEBUG\MULTIVIEW.PCH
C:\USERS\ADMINISTRATOR\DESKTOP\中航项目\REALTIME CAPTURE\X64\DEBUG\MULTIVIEW.PDB
C:\USERS\ADMINISTRATOR\DESKTOP\中航项目\REALTIME CAPTURE\X64\DEBUG\MULTIVIEW.RES
C:\USERS\ADMINISTRATOR\DESKTOP\中航项目\REALTIME CAPTURE\X64\DEBUG\MULTIVIEWDLG.OBJ
C:\USERS\ADMINISTRATOR\DESKTOP\中航项目\REALTIME CAPTURE\X64\DEBUG\STDAFX.OBJ
C:\USERS\ADMINISTRATOR\DESKTOP\中航项目\REALTIME CAPTURE\X64\DEBUG\TIMEMEASURE.OBJ
C:\USERS\ADMINISTRATOR\DESKTOP\中航项目\REALTIME CAPTURE\X64\DEBUG\VC100.PDB
D:\中航项目\REALTIME CAPTURE\X64\DEBUG\BINOCULARCAMERA.OBJ
D:\中航项目\RealTime Capture\x64\Debug\cl.command.1.tlog
D:\中航项目\RealTime Capture\x64\Debug\CL.read.1.tlog
D:\中航项目\RealTime Capture\x64\Debug\CL.write.1.tlog
D:\中航项目\REALTIME CAPTURE\X64\DEBUG\DIBSHOW.OBJ
D:\中航项目\RealTime Capture\x64\Debug\link.10404.read.1.tlog
D:\中航项目\RealTime Capture\x64\Debug\link.10404.write.1.tlog
D:\中航项目\RealTime Capture\x64\Debug\link.10404-cvtres.read.1.tlog
D:\中航项目\RealTime Capture\x64\Debug\link.10404-cvtres.write.1.tlog
D:\中航项目\RealTime Capture\x64\Debug\link.11000.read.1.tlog
D:\中航项目\RealTime Capture\x64\Debug\link.11000.write.1.tlog
D:\中航项目\RealTime Capture\x64\Debug\link.11000-cvtres.read.1.tlog
D:\中航项目\RealTime Capture\x64\Debug\link.11000-cvtres.write.1.tlog
D:\中航项目\RealTime Capture\x64\Debug\link.11452.read.1.tlog
D:\中航项目\RealTime Capture\x64\Debug\link.11452.write.1.tlog
D:\中航项目\RealTime Capture\x64\Debug\link.11452-cvtres.read.1.tlog
D:\中航项目\RealTime Capture\x64\Debug\link.11452-cvtres.write.1.tlog
D:\中航项目\RealTime Capture\x64\Debug\link.5252.read.1.tlog
D:\中航项目\RealTime Capture\x64\Debug\link.5252.write.1.tlog
D:\中航项目\RealTime Capture\x64\Debug\link.5252-cvtres.read.1.tlog
D:\中航项目\RealTime Capture\x64\Debug\link.5252-cvtres.write.1.tlog
D:\中航项目\RealTime Capture\x64\Debug\link.6928.read.1.tlog
D:\中航项目\RealTime Capture\x64\Debug\link.6928.write.1.tlog
D:\中航项目\RealTime Capture\x64\Debug\link.6928-cvtres.read.1.tlog
D:\中航项目\RealTime Capture\x64\Debug\link.6928-cvtres.write.1.tlog
D:\中航项目\RealTime Capture\x64\Debug\link.9240.read.1.tlog
D:\中航项目\RealTime Capture\x64\Debug\link.9240.write.1.tlog
D:\中航项目\RealTime Capture\x64\Debug\link.9240-cvtres.read.1.tlog
D:\中航项目\RealTime Capture\x64\Debug\link.9240-cvtres.write.1.tlog
D:\中航项目\RealTime Capture\x64\Debug\link.9308.read.1.tlog
D:\中航项目\RealTime Capture\x64\Debug\link.9308.write.1.tlog
D:\中航项目\RealTime Capture\x64\Debug\link.9308-cvtres.read.1.tlog
D:\中航项目\RealTime Capture\x64\Debug\link.9308-cvtres.write.1.tlog
D:\中航项目\RealTime Capture\x64\Debug\link.9536.read.1.tlog
D:\中航项目\RealTime Capture\x64\Debug\link.9536.write.1.tlog
D:\中航项目\RealTime Capture\x64\Debug\link.9536-cvtres.read.1.tlog
D:\中航项目\RealTime Capture\x64\Debug\link.9536-cvtres.write.1.tlog
D:\中航项目\RealTime Capture\x64\Debug\link.command.1.tlog
D:\中航项目\RealTime Capture\x64\Debug\link.read.1.tlog
D:\中航项目\RealTime Capture\x64\Debug\link.write.1.tlog
D:\中航项目\RealTime Capture\x64\Debug\link-cvtres.read.1.tlog
D:\中航项目\RealTime Capture\x64\Debug\link-cvtres.write.1.tlog
D:\中航项目\RealTime Capture\x64\Debug\mt.command.1.tlog
D:\中航项目\RealTime Capture\x64\Debug\mt.read.1.tlog
D:\中航项目\RealTime Capture\x64\Debug\mt.write.1.tlog
D:\中航项目\RealTime Capture\x64\Debug\MultiView.exe.embed.manifest
D:\中航项目\REALTIME CAPTURE\X64\DEBUG\MULTIVIEW.EXE.EMBED.MANIFEST.RES
D:\中航项目\RealTime Capture\x64\Debug\MultiView.exe.intermediate.manifest
D:\中航项目\REALTIME CAPTURE\X64\DEBUG\MULTIVIEW.OBJ
D:\中航项目\REALTIME CAPTURE\X64\DEBUG\MULTIVIEW.PCH
D:\中航项目\RealTime Capture\x64\Debug\MultiView.pdb
D:\中航项目\REALTIME CAPTURE\X64\DEBUG\MULTIVIEW.RES
D:\中航项目\RealTime Capture\x64\Debug\MultiView.vcxprojResolveAssemblyReference.cache
D:\中航项目\RealTime Capture\x64\Debug\MultiView.write.1.tlog
D:\中航项目\RealTime Capture\x64\Debug\MultiView_manifest.rc
D:\中航项目\REALTIME CAPTURE\X64\DEBUG\MULTIVIEWDLG.OBJ
D:\中航项目\RealTime Capture\x64\Debug\rc.command.1.tlog
D:\中航项目\RealTime Capture\x64\Debug\rc.read.1.tlog
D:\中航项目\RealTime Capture\x64\Debug\rc.write.1.tlog
D:\中航项目\REALTIME CAPTURE\X64\DEBUG\STDAFX.OBJ
D:\中航项目\REALTIME CAPTURE\X64\DEBUG\TIMEMEASURE.OBJ
D:\中航项目\RealTime Capture\x64\Debug\vc100.idb
D:\中航项目\REALTIME CAPTURE\X64\DEBUG\VC100.PDB
E:\八相机\严徐乐\CHESSBOARD IMAGES AQUISITE1\X64\DEBUG\DIBSHOW.OBJ
E:\八相机\严徐乐\CHESSBOARD IMAGES AQUISITE1\X64\DEBUG\MULTIVIEW.EXE
E:\八相机\严徐乐\CHESSBOARD IMAGES AQUISITE1\X64\DEBUG\MULTIVIEW.EXE.EMBED.MANIFEST
E:\八相机\严徐乐\CHESSBOARD IMAGES AQUISITE1\X64\DEBUG\MULTIVIEW.EXE.EMBED.MANIFEST.RES
E:\八相机\严徐乐\CHESSBOARD IMAGES AQUISITE1\X64\DEBUG\MULTIVIEW.EXE.INTERMEDIATE.MANIFEST
E:\八相机\严徐乐\CHESSBOARD IMAGES AQUISITE1\X64\DEBUG\MULTIVIEW.ILK
E:\八相机\严徐乐\CHESSBOARD IMAGES AQUISITE1\X64\DEBUG\MULTIVIEW.OBJ
E:\八相机\严徐乐\CHESSBOARD IMAGES AQUISITE1\X64\DEBUG\MULTIVIEW.PCH
E:\八相机\严徐乐\CHESSBOARD IMAGES AQUISITE1\X64\DEBUG\MULTIVIEW.PDB
E:\八相机\严徐乐\CHESSBOARD IMAGES AQUISITE1\X64\DEBUG\MULTIVIEW.RES
E:\八相机\严徐乐\CHESSBOARD IMAGES AQUISITE1\X64\DEBUG\MULTIVIEWDLG.OBJ
E:\八相机\严徐乐\CHESSBOARD IMAGES AQUISITE1\X64\DEBUG\STDAFX.OBJ
E:\八相机\严徐乐\CHESSBOARD IMAGES AQUISITE1\X64\DEBUG\TIMEMEASURE.OBJ
E:\八相机\严徐乐\CHESSBOARD IMAGES AQUISITE1\X64\DEBUG\VC100.PDB
E:\严徐乐\CHESSBOARD IMAGES AQUISITE1\X64\DEBUG\DIBSHOW.OBJ
E:\严徐乐\CHESSBOARD IMAGES AQUISITE1\X64\DEBUG\MULTIVIEW.EXE
E:\严徐乐\CHESSBOARD IMAGES AQUISITE1\X64\DEBUG\MULTIVIEW.EXE.EMBED.MANIFEST.RES
E:\严徐乐\CHESSBOARD IMAGES AQUISITE1\X64\DEBUG\MULTIVIEW.EXE.INTERMEDIATE.MANIFEST
E:\严徐乐\CHESSBOARD IMAGES AQUISITE1\X64\DEBUG\MULTIVIEW.ILK
E:\严徐乐\CHESSBOARD IMAGES AQUISITE1\X64\DEBUG\MULTIVIEW.OBJ
E:\严徐乐\CHESSBOARD IMAGES AQUISITE1\X64\DEBUG\MULTIVIEW.PCH
E:\严徐乐\CHESSBOARD IMAGES AQUISITE1\X64\DEBUG\MULTIVIEW.PDB
E:\严徐乐\CHESSBOARD IMAGES AQUISITE1\X64\DEBUG\MULTIVIEW.RES
E:\严徐乐\CHESSBOARD IMAGES AQUISITE1\X64\DEBUG\MULTIVIEWDLG.OBJ
E:\严徐乐\CHESSBOARD IMAGES AQUISITE1\X64\DEBUG\STDAFX.OBJ
E:\严徐乐\CHESSBOARD IMAGES AQUISITE1\X64\DEBUG\TIMEMEASURE.OBJ
E:\严徐乐\CHESSBOARD IMAGES AQUISITE1\X64\DEBUG\VC100.PDB
